<?xml version="1.0" encoding="UTF-8"?>
<testng-results skipped="0" failed="0" ignored="0" total="1" passed="1">
  <reporter-output>
  </reporter-output>
  <suite name="Default suite" duration-ms="1744" started-at="2017-06-09T09:35:12Z" finished-at="2017-06-09T09:35:13Z">
    <groups>
    </groups>
    <test name="Default test" duration-ms="1744" started-at="2017-06-09T09:35:12Z" finished-at="2017-06-09T09:35:13Z">
      <class name="testapi.test">
        <test-method status="PASS" signature="test()[pri:0, instance:testapi.test@23ceabc1]" name="test" duration-ms="1729" started-at="2017-06-09T17:35:12Z" finished-at="2017-06-09T17:35:13Z">
          <reporter-output>
          </reporter-output>
        </test-method> <!-- test -->
      </class> <!-- testapi.test -->
    </test> <!-- Default test -->
  </suite> <!-- Default suite -->
</testng-results>
