<?xml version="1.0" encoding="UTF-8"?>
<!-- Generated by org.testng.reporters.JUnitXMLReporter -->
<testsuite hostname="yt.lan" ignored="0" name="Test" tests="6" failures="0" timestamp="08 六月 2017 09:31:16 GMT" time="0.352" errors="0">
  <testcase name="test6" time="0.009" classname="com.yinting.core.TestCase"/>
  <testcase name="test6" time="0.001" classname="com.yinting.core.TestCase"/>
  <testcase name="test6" time="0.001" classname="com.yinting.core.TestCase"/>
  <testcase name="test6" time="0.001" classname="com.yinting.core.TestCase"/>
  <testcase name="test6" time="0.001" classname="com.yinting.core.TestCase"/>
  <testcase name="testd" time="0.333" classname="com.yinting.core.test1"/>
</testsuite> <!-- Test -->
