<?xml version="1.0" encoding="UTF-8"?>
<testng-results skipped="0" failed="0" ignored="0" total="2" passed="2">
  <reporter-output>
  </reporter-output>
  <suite name="Suite" duration-ms="1128" started-at="2017-06-01T13:02:31Z" finished-at="2017-06-01T13:02:32Z">
    <groups>
    </groups>
    <test name="Test" duration-ms="1128" started-at="2017-06-01T13:02:31Z" finished-at="2017-06-01T13:02:32Z">
      <class name="com.yinting.core.test1">
        <test-method status="PASS" signature="test()[pri:0, instance:com.yinting.core.test1@23ceabc1]" name="test" duration-ms="187" started-at="2017-06-01T21:02:32Z" finished-at="2017-06-01T21:02:32Z">
          <reporter-output>
          </reporter-output>
        </test-method> <!-- test -->
      </class> <!-- com.yinting.core.test1 -->
      <class name="com.yinting.core.test">
        <test-method status="PASS" signature="test()[pri:0, instance:com.yinting.core.test@215be6bb]" name="test" duration-ms="924" started-at="2017-06-01T21:02:31Z" finished-at="2017-06-01T21:02:32Z">
          <reporter-output>
          </reporter-output>
        </test-method> <!-- test -->
      </class> <!-- com.yinting.core.test -->
    </test> <!-- Test -->
  </suite> <!-- Suite -->
</testng-results>
