<?xml version="1.0" encoding="UTF-8"?>
<testng-results skipped="0" failed="0" ignored="0" total="1" passed="1">
  <reporter-output>
  </reporter-output>
  <suite name="Default suite" duration-ms="1255" started-at="2017-06-01T07:36:07Z" finished-at="2017-06-01T07:36:09Z">
    <groups>
    </groups>
    <test name="Default test" duration-ms="1255" started-at="2017-06-01T07:36:07Z" finished-at="2017-06-01T07:36:09Z">
      <class name="com.yinting.core.test">
        <test-method status="PASS" signature="test()[pri:0, instance:com.yinting.core.test@1810399e]" name="test" duration-ms="1240" started-at="2017-06-01T15:36:08Z" finished-at="2017-06-01T15:36:09Z">
          <reporter-output>
          </reporter-output>
        </test-method> <!-- test -->
      </class> <!-- com.yinting.core.test -->
    </test> <!-- Default test -->
  </suite> <!-- Default suite -->
</testng-results>
